<?xml version="1.0" encoding="UTF-8"?>
<!-- Generated by org.testng.reporters.JUnitReportReporter -->
<testsuite skipped="0" hostname="DESKTOP-TBO8PDT" name="Test.Test" tests="1" failures="0" timestamp="28 Jul 2018 18:44:57 GMT" time="3.782" errors="0">
  <testcase name="test" time="3.782" classname="Test.Test"/>
</testsuite> <!-- Test.Test -->
